Using pre-set license
Built from '2021.3/release' branch; Version is '2021.3.17f1 (3e8111cac19d) revision 4096273'; Using compiler version '192829333'; Build Type 'Release'
OS: 'Windows 11  (10.0.22621) 64bit Core' Language: 'en' Physical Memory: 16224 MB
BatchMode: 1, IsHumanControllingUs: 0, StartBugReporterOnCrash: 0, Is64bit: 1, IsPro: 1

COMMAND LINE ARGUMENTS:
C:\Program Files\Unity\Hub\Editor\2021.3.17f1\Editor\Unity.exe
-adb2
-batchMode
-noUpm
-name
AssetImportWorker18
-projectPath
C:/Users/carso/OneDrive/Desktop/Unity Games/Idle Death Dome of Death
-logFile
Logs/AssetImportWorker18.log
-srvPort
61826
Successfully changed project path to: C:/Users/carso/OneDrive/Desktop/Unity Games/Idle Death Dome of Death
C:/Users/carso/OneDrive/Desktop/Unity Games/Idle Death Dome of Death
[UnityMemory] Configuration Parameters - Can be set up in boot.config
    "memorysetup-bucket-allocator-granularity=16"
    "memorysetup-bucket-allocator-bucket-count=8"
    "memorysetup-bucket-allocator-block-size=33554432"
    "memorysetup-bucket-allocator-block-count=8"
    "memorysetup-main-allocator-block-size=16777216"
    "memorysetup-thread-allocator-block-size=16777216"
    "memorysetup-gfx-main-allocator-block-size=16777216"
    "memorysetup-gfx-thread-allocator-block-size=16777216"
    "memorysetup-cache-allocator-block-size=4194304"
    "memorysetup-typetree-allocator-block-size=2097152"
    "memorysetup-profiler-bucket-allocator-granularity=16"
    "memorysetup-profiler-bucket-allocator-bucket-count=8"
    "memorysetup-profiler-bucket-allocator-block-size=33554432"
    "memorysetup-profiler-bucket-allocator-block-count=8"
    "memorysetup-profiler-allocator-block-size=16777216"
    "memorysetup-profiler-editor-allocator-block-size=1048576"
    "memorysetup-temp-allocator-size-main=16777216"
    "memorysetup-job-temp-allocator-block-size=2097152"
    "memorysetup-job-temp-allocator-block-size-background=1048576"
    "memorysetup-job-temp-allocator-reduction-small-platforms=262144"
    "memorysetup-temp-allocator-size-background-worker=32768"
    "memorysetup-temp-allocator-size-job-worker=262144"
    "memorysetup-temp-allocator-size-preload-manager=33554432"
    "memorysetup-temp-allocator-size-nav-mesh-worker=65536"
    "memorysetup-temp-allocator-size-audio-worker=65536"
    "memorysetup-temp-allocator-size-cloud-worker=32768"
    "memorysetup-temp-allocator-size-gi-baking-worker=262144"
    "memorysetup-temp-allocator-size-gfx=262144"
Player connection [124864] Host "[IP] 10.127.153.72 [Port] 0 [Flags] 2 [Guid] 1631282386 [EditorId] 1631282386 [Version] 1048832 [Id] WindowsEditor(7,BeepBeepBoop) [Debug] 1 [PackageName] WindowsEditor [ProjectName] Editor" joined multi-casting on [225.0.0.222:54997]...

Player connection [124864] Host "[IP] 10.127.153.72 [Port] 0 [Flags] 2 [Guid] 1631282386 [EditorId] 1631282386 [Version] 1048832 [Id] WindowsEditor(7,BeepBeepBoop) [Debug] 1 [PackageName] WindowsEditor [ProjectName] Editor" joined alternative multi-casting on [225.0.0.222:34997]...

Refreshing native plugins compatible for Editor in 59.22 ms, found 3 plugins.
Preloading 0 native plugins for Editor in 0.00 ms.
Initialize engine version: 2021.3.17f1 (3e8111cac19d)
[Subsystems] Discovering subsystems at path C:/Program Files/Unity/Hub/Editor/2021.3.17f1/Editor/Data/Resources/UnitySubsystems
[Subsystems] Discovering subsystems at path C:/Users/carso/OneDrive/Desktop/Unity Games/Idle Death Dome of Death/Assets
GfxDevice: creating device client; threaded=0; jobified=0
Direct3D:
    Version:  Direct3D 11.0 [level 11.1]
    Renderer: NVIDIA GeForce RTX 3060 Ti (ID=0x2489)
    Vendor:   NVIDIA
    VRAM:     8050 MB
    Driver:   31.0.15.1694
Initialize mono
Mono path[0] = 'C:/Program Files/Unity/Hub/Editor/2021.3.17f1/Editor/Data/Managed'
Mono path[1] = 'C:/Program Files/Unity/Hub/Editor/2021.3.17f1/Editor/Data/MonoBleedingEdge/lib/mono/unityjit-win32'
Mono config path = 'C:/Program Files/Unity/Hub/Editor/2021.3.17f1/Editor/Data/MonoBleedingEdge/etc'
Using monoOptions --debugger-agent=transport=dt_socket,embedding=1,server=y,suspend=n,address=127.0.0.1:56020
Begin MonoManager ReloadAssembly
Registering precompiled unity dll's ...
Register platform support module: C:/Program Files/Unity/Hub/Editor/2021.3.17f1/Editor/Data/PlaybackEngines/WindowsStandaloneSupport/UnityEditor.WindowsStandalone.Extensions.dll
Registered in 0.003099 seconds.
Native extension for WindowsStandalone target not found
Refreshing native plugins compatible for Editor in 60.33 ms, found 3 plugins.
Preloading 0 native plugins for Editor in 0.00 ms.
Mono: successfully reloaded assembly
- Completed reload, in  0.497 seconds
Domain Reload Profiling:
	ReloadAssembly (498ms)
		BeginReloadAssembly (60ms)
			ExecutionOrderSort (0ms)
			DisableScriptedObjects (0ms)
			BackupInstance (0ms)
			ReleaseScriptingObjects (0ms)
			CreateAndSetChildDomain (1ms)
		EndReloadAssembly (360ms)
			LoadAssemblies (58ms)
			RebuildTransferFunctionScriptingTraits (0ms)
			SetupTypeCache (75ms)
			ReleaseScriptCaches (0ms)
			RebuildScriptCaches (23ms)
			SetupLoadedEditorAssemblies (218ms)
				LogAssemblyErrors (0ms)
				InitializePlatformSupportModulesInManaged (7ms)
				SetLoadedEditorAssemblies (0ms)
				RefreshPlugins (60ms)
				BeforeProcessingInitializeOnLoad (1ms)
				ProcessInitializeOnLoadAttributes (111ms)
				ProcessInitializeOnLoadMethodAttributes (37ms)
				AfterProcessingInitializeOnLoad (0ms)
				EditorAssembliesLoaded (0ms)
			ExecutionOrderSort2 (0ms)
			AwakeInstancesAfterBackupRestoration (0ms)
Platform modules already initialized, skipping
Registering precompiled user dll's ...
Registered in 0.004210 seconds.
Begin MonoManager ReloadAssembly
Symbol file LoadedFromMemory doesn't match image C:\Users\carso\OneDrive\Desktop\Unity Games\Idle Death Dome of Death\Library\PackageCache\com.unity.visualscripting@1.8.0\Editor\VisualScripting.Core\Dependencies\YamlDotNet\Unity.VisualScripting.YamlDotNet.dll
Symbol file LoadedFromMemory doesn't match image C:\Users\carso\OneDrive\Desktop\Unity Games\Idle Death Dome of Death\Library\PackageCache\com.unity.visualscripting@1.8.0\Editor\VisualScripting.Core\Dependencies\DotNetZip\Unity.VisualScripting.IonicZip.dll
Native extension for WindowsStandalone target not found
Refreshing native plugins compatible for Editor in 0.47 ms, found 3 plugins.
Preloading 0 native plugins for Editor in 0.00 ms.
Mono: successfully reloaded assembly
- Completed reload, in  0.880 seconds
Domain Reload Profiling:
	ReloadAssembly (881ms)
		BeginReloadAssembly (84ms)
			ExecutionOrderSort (0ms)
			DisableScriptedObjects (5ms)
			BackupInstance (0ms)
			ReleaseScriptingObjects (0ms)
			CreateAndSetChildDomain (17ms)
		EndReloadAssembly (717ms)
			LoadAssemblies (58ms)
			RebuildTransferFunctionScriptingTraits (0ms)
			SetupTypeCache (290ms)
			ReleaseScriptCaches (0ms)
			RebuildScriptCaches (48ms)
			SetupLoadedEditorAssemblies (279ms)
				LogAssemblyErrors (0ms)
				InitializePlatformSupportModulesInManaged (4ms)
				SetLoadedEditorAssemblies (0ms)
				RefreshPlugins (1ms)
				BeforeProcessingInitializeOnLoad (61ms)
				ProcessInitializeOnLoadAttributes (187ms)
				ProcessInitializeOnLoadMethodAttributes (21ms)
				AfterProcessingInitializeOnLoad (4ms)
				EditorAssembliesLoaded (0ms)
			ExecutionOrderSort2 (0ms)
			AwakeInstancesAfterBackupRestoration (5ms)
Platform modules already initialized, skipping
========================================================================
Worker process is ready to serve import requests
Launched and connected shader compiler UnityShaderCompiler.exe after 0.04 seconds
Refreshing native plugins compatible for Editor in 0.59 ms, found 3 plugins.
Preloading 0 native plugins for Editor in 0.00 ms.
Unloading 3430 Unused Serialized files (Serialized files now loaded: 0)
Unloading 29 unused Assets / (113.6 KB). Loaded Objects now: 3890.
Memory consumption went from 127.5 MB to 127.4 MB.
Total: 3.220400 ms (FindLiveObjects: 0.184400 ms CreateObjectMapping: 0.086500 ms MarkObjects: 2.817900 ms  DeleteObjects: 0.129400 ms)

AssetImportParameters requested are different than current active one (requested -> active):
  custom:video-decoder-ogg-theora: a1e56fd34408186e4bbccfd4996cb3dc -> 
  custom:container-muxer-webm: aa71ff27fc2769a1b78a27578f13a17b -> 
  custom:container-demuxer-webm: 4f35f7cbe854078d1ac9338744f61a02 -> 
  custom:video-encoder-webm-vp8: eb34c28f22e8b96e1ab97ce403110664 -> 
  custom:audio-encoder-webm-vorbis: bf7c407c2cedff20999df2af8eb42d56 -> 
  custom:framework-win-MediaFoundation: 216162199b28c13a410421893ffa2e32 -> 
  custom:container-demuxer-ogg: 62fdf1f143b41e24485cea50d1cbac27 -> 
  custom:video-decoder-webm-vp8: 9c59270c3fd7afecdb556c50c9e8de78 -> 
  custom:audio-decoder-ogg-vorbis: bf7c407c2cedff20999df2af8eb42d56 -> 
========================================================================
Received Import Request.
  Time since last request: 756180.131411 seconds.
  path: Assets/Victorian Interiors/Victorian Interiors/Prefabs/Plants/Plant_3.prefab
  artifactKey: Guid(b0bdcceba1392e6448cdef6ea35cf6de) Importer(815301076,1909f56bfc062723c751e8b465ee728b)
Start importing Assets/Victorian Interiors/Victorian Interiors/Prefabs/Plants/Plant_3.prefab using Guid(b0bdcceba1392e6448cdef6ea35cf6de) Importer(815301076,1909f56bfc062723c751e8b465ee728b)  -> (artifact id: '2398e4508e65c08081d4d1f6f4ac9061') in 0.159375 seconds 
========================================================================
Received Import Request.
  Time since last request: 2.088518 seconds.
  path: Assets/Victorian Interiors/Victorian Interiors/Prefabs/Alphas/Alpha_3.prefab
  artifactKey: Guid(5668d02875d32c04190a8e78cb7befd2) Importer(815301076,1909f56bfc062723c751e8b465ee728b)
Start importing Assets/Victorian Interiors/Victorian Interiors/Prefabs/Alphas/Alpha_3.prefab using Guid(5668d02875d32c04190a8e78cb7befd2) Importer(815301076,1909f56bfc062723c751e8b465ee728b)  -> (artifact id: 'afe83e7ed42db4f364fc70ce3b28caa6') in 0.054355 seconds 
========================================================================
Received Import Request.
  Time since last request: 26.439799 seconds.
  path: Assets/Victorian Interiors/Victorian Interiors/Prefabs/Picture_6.prefab
  artifactKey: Guid(f1376fb996498454c93b351ccad40759) Importer(815301076,1909f56bfc062723c751e8b465ee728b)
Start importing Assets/Victorian Interiors/Victorian Interiors/Prefabs/Picture_6.prefab using Guid(f1376fb996498454c93b351ccad40759) Importer(815301076,1909f56bfc062723c751e8b465ee728b)  -> (artifact id: 'e46d5ca9e8142415132b8b288bd242f5') in 0.037436 seconds 
========================================================================
Received Import Request.
  Time since last request: 0.000017 seconds.
  path: Assets/Victorian Interiors/Victorian Interiors/Prefabs/Shelf_4.prefab
  artifactKey: Guid(bbd6210f62a65fb43b03df1dcc95a706) Importer(815301076,1909f56bfc062723c751e8b465ee728b)
Start importing Assets/Victorian Interiors/Victorian Interiors/Prefabs/Shelf_4.prefab using Guid(bbd6210f62a65fb43b03df1dcc95a706) Importer(815301076,1909f56bfc062723c751e8b465ee728b)  -> (artifact id: '2052cebc89f0d0b89981c9e9699ddcdc') in 0.047985 seconds 
========================================================================
Received Import Request.
  Time since last request: 0.000016 seconds.
  path: Assets/Victorian Interiors/Victorian Interiors/Prefabs/Table_5.prefab
  artifactKey: Guid(7dc22cfa40f23e94a8c86035a8e1cc22) Importer(815301076,1909f56bfc062723c751e8b465ee728b)
Start importing Assets/Victorian Interiors/Victorian Interiors/Prefabs/Table_5.prefab using Guid(7dc22cfa40f23e94a8c86035a8e1cc22) Importer(815301076,1909f56bfc062723c751e8b465ee728b)  -> (artifact id: 'f548abfc3914f01db0054c19a7f99489') in 0.064027 seconds 
========================================================================
Received Import Request.
  Time since last request: 0.000043 seconds.
  path: Assets/Victorian Interiors/Victorian Interiors/Prefabs/Vase_3.prefab
  artifactKey: Guid(876a08ecdd44f5f48aab4df7ae36a32b) Importer(815301076,1909f56bfc062723c751e8b465ee728b)
Start importing Assets/Victorian Interiors/Victorian Interiors/Prefabs/Vase_3.prefab using Guid(876a08ecdd44f5f48aab4df7ae36a32b) Importer(815301076,1909f56bfc062723c751e8b465ee728b)  -> (artifact id: '08ee660eb2a51085d2c384f70de4b6fc') in 0.032155 seconds 
========================================================================
Received Import Request.
  Time since last request: 0.000028 seconds.
  path: Assets/Victorian Interiors/Victorian Interiors/Prefabs/Sponge_2.prefab
  artifactKey: Guid(7e9d539c0ef02834c8dee66466abdc2a) Importer(815301076,1909f56bfc062723c751e8b465ee728b)
Start importing Assets/Victorian Interiors/Victorian Interiors/Prefabs/Sponge_2.prefab using Guid(7e9d539c0ef02834c8dee66466abdc2a) Importer(815301076,1909f56bfc062723c751e8b465ee728b)  -> (artifact id: 'd9c969e978e1e2b247edb8f642bd9a5f') in 0.026088 seconds 
========================================================================
Received Import Request.
  Time since last request: 0.000027 seconds.
  path: Assets/Victorian Interiors/Victorian Interiors/Prefabs/Vase_4.prefab
  artifactKey: Guid(fc022999ae807ff42bd06d4e0867451f) Importer(815301076,1909f56bfc062723c751e8b465ee728b)
Start importing Assets/Victorian Interiors/Victorian Interiors/Prefabs/Vase_4.prefab using Guid(fc022999ae807ff42bd06d4e0867451f) Importer(815301076,1909f56bfc062723c751e8b465ee728b)  -> (artifact id: 'f588a645be409858dcb5660920e3055d') in 0.021000 seconds 
========================================================================
Received Import Request.
  Time since last request: 0.000051 seconds.
  path: Assets/Victorian Interiors/Victorian Interiors/Prefabs/Scroll_2.prefab
  artifactKey: Guid(433d935d3e63f5f4bb84af765878bcbe) Importer(815301076,1909f56bfc062723c751e8b465ee728b)
Start importing Assets/Victorian Interiors/Victorian Interiors/Prefabs/Scroll_2.prefab using Guid(433d935d3e63f5f4bb84af765878bcbe) Importer(815301076,1909f56bfc062723c751e8b465ee728b)  -> (artifact id: 'e39d8948d4e031de90280a155e371e0a') in 0.022006 seconds 
Editor requested this worker to shutdown with reason: Scaling down because of idle timeout
AssetImportWorker is now disconnected from the server
Process exiting
Exiting without the bug reporter. Application will terminate with return code 0