Using pre-set license
Built from '2021.3/release' branch; Version is '2021.3.17f1 (3e8111cac19d) revision 4096273'; Using compiler version '192829333'; Build Type 'Release'
OS: 'Windows 11  (10.0.22621) 64bit Core' Language: 'en' Physical Memory: 16224 MB
BatchMode: 1, IsHumanControllingUs: 0, StartBugReporterOnCrash: 0, Is64bit: 1, IsPro: 1

COMMAND LINE ARGUMENTS:
C:\Program Files\Unity\Hub\Editor\2021.3.17f1\Editor\Unity.exe
-adb2
-batchMode
-noUpm
-name
AssetImportWorker4
-projectPath
C:/Users/carso/OneDrive/Desktop/Unity Games/Idle Death Dome of Death
-logFile
Logs/AssetImportWorker4.log
-srvPort
61826
Successfully changed project path to: C:/Users/carso/OneDrive/Desktop/Unity Games/Idle Death Dome of Death
C:/Users/carso/OneDrive/Desktop/Unity Games/Idle Death Dome of Death
[UnityMemory] Configuration Parameters - Can be set up in boot.config
    "memorysetup-bucket-allocator-granularity=16"
    "memorysetup-bucket-allocator-bucket-count=8"
    "memorysetup-bucket-allocator-block-size=33554432"
    "memorysetup-bucket-allocator-block-count=8"
    "memorysetup-main-allocator-block-size=16777216"
    "memorysetup-thread-allocator-block-size=16777216"
    "memorysetup-gfx-main-allocator-block-size=16777216"
    "memorysetup-gfx-thread-allocator-block-size=16777216"
    "memorysetup-cache-allocator-block-size=4194304"
    "memorysetup-typetree-allocator-block-size=2097152"
    "memorysetup-profiler-bucket-allocator-granularity=16"
    "memorysetup-profiler-bucket-allocator-bucket-count=8"
    "memorysetup-profiler-bucket-allocator-block-size=33554432"
    "memorysetup-profiler-bucket-allocator-block-count=8"
    "memorysetup-profiler-allocator-block-size=16777216"
    "memorysetup-profiler-editor-allocator-block-size=1048576"
    "memorysetup-temp-allocator-size-main=16777216"
    "memorysetup-job-temp-allocator-block-size=2097152"
    "memorysetup-job-temp-allocator-block-size-background=1048576"
    "memorysetup-job-temp-allocator-reduction-small-platforms=262144"
    "memorysetup-temp-allocator-size-background-worker=32768"
    "memorysetup-temp-allocator-size-job-worker=262144"
    "memorysetup-temp-allocator-size-preload-manager=33554432"
    "memorysetup-temp-allocator-size-nav-mesh-worker=65536"
    "memorysetup-temp-allocator-size-audio-worker=65536"
    "memorysetup-temp-allocator-size-cloud-worker=32768"
    "memorysetup-temp-allocator-size-gi-baking-worker=262144"
    "memorysetup-temp-allocator-size-gfx=262144"
Player connection [31924] Host "[IP] 10.127.153.72 [Port] 0 [Flags] 2 [Guid] 1395946957 [EditorId] 1395946957 [Version] 1048832 [Id] WindowsEditor(7,BeepBeepBoop) [Debug] 1 [PackageName] WindowsEditor [ProjectName] Editor" joined multi-casting on [225.0.0.222:54997]...

Player connection [31924] Host "[IP] 10.127.153.72 [Port] 0 [Flags] 2 [Guid] 1395946957 [EditorId] 1395946957 [Version] 1048832 [Id] WindowsEditor(7,BeepBeepBoop) [Debug] 1 [PackageName] WindowsEditor [ProjectName] Editor" joined alternative multi-casting on [225.0.0.222:34997]...

Refreshing native plugins compatible for Editor in 57.22 ms, found 3 plugins.
Preloading 0 native plugins for Editor in 0.00 ms.
Initialize engine version: 2021.3.17f1 (3e8111cac19d)
[Subsystems] Discovering subsystems at path C:/Program Files/Unity/Hub/Editor/2021.3.17f1/Editor/Data/Resources/UnitySubsystems
[Subsystems] Discovering subsystems at path C:/Users/carso/OneDrive/Desktop/Unity Games/Idle Death Dome of Death/Assets
GfxDevice: creating device client; threaded=0; jobified=0
Direct3D:
    Version:  Direct3D 11.0 [level 11.1]
    Renderer: NVIDIA GeForce RTX 3060 Ti (ID=0x2489)
    Vendor:   NVIDIA
    VRAM:     8050 MB
    Driver:   31.0.15.1694
Initialize mono
Mono path[0] = 'C:/Program Files/Unity/Hub/Editor/2021.3.17f1/Editor/Data/Managed'
Mono path[1] = 'C:/Program Files/Unity/Hub/Editor/2021.3.17f1/Editor/Data/MonoBleedingEdge/lib/mono/unityjit-win32'
Mono config path = 'C:/Program Files/Unity/Hub/Editor/2021.3.17f1/Editor/Data/MonoBleedingEdge/etc'
Using monoOptions --debugger-agent=transport=dt_socket,embedding=1,server=y,suspend=n,address=127.0.0.1:56984
Begin MonoManager ReloadAssembly
Registering precompiled unity dll's ...
Register platform support module: C:/Program Files/Unity/Hub/Editor/2021.3.17f1/Editor/Data/PlaybackEngines/WindowsStandaloneSupport/UnityEditor.WindowsStandalone.Extensions.dll
Registered in 0.003818 seconds.
Native extension for WindowsStandalone target not found
Refreshing native plugins compatible for Editor in 60.23 ms, found 3 plugins.
Preloading 0 native plugins for Editor in 0.00 ms.
Mono: successfully reloaded assembly
- Completed reload, in  0.507 seconds
Domain Reload Profiling:
	ReloadAssembly (507ms)
		BeginReloadAssembly (60ms)
			ExecutionOrderSort (0ms)
			DisableScriptedObjects (0ms)
			BackupInstance (0ms)
			ReleaseScriptingObjects (0ms)
			CreateAndSetChildDomain (1ms)
		EndReloadAssembly (362ms)
			LoadAssemblies (58ms)
			RebuildTransferFunctionScriptingTraits (0ms)
			SetupTypeCache (81ms)
			ReleaseScriptCaches (0ms)
			RebuildScriptCaches (23ms)
			SetupLoadedEditorAssemblies (217ms)
				LogAssemblyErrors (0ms)
				InitializePlatformSupportModulesInManaged (5ms)
				SetLoadedEditorAssemblies (0ms)
				RefreshPlugins (60ms)
				BeforeProcessingInitializeOnLoad (1ms)
				ProcessInitializeOnLoadAttributes (110ms)
				ProcessInitializeOnLoadMethodAttributes (40ms)
				AfterProcessingInitializeOnLoad (0ms)
				EditorAssembliesLoaded (0ms)
			ExecutionOrderSort2 (0ms)
			AwakeInstancesAfterBackupRestoration (0ms)
Platform modules already initialized, skipping
Registering precompiled user dll's ...
Registered in 0.005731 seconds.
Begin MonoManager ReloadAssembly
Symbol file LoadedFromMemory doesn't match image C:\Users\carso\OneDrive\Desktop\Unity Games\Idle Death Dome of Death\Library\PackageCache\com.unity.visualscripting@1.8.0\Editor\VisualScripting.Core\Dependencies\YamlDotNet\Unity.VisualScripting.YamlDotNet.dll
Symbol file LoadedFromMemory doesn't match image C:\Users\carso\OneDrive\Desktop\Unity Games\Idle Death Dome of Death\Library\PackageCache\com.unity.visualscripting@1.8.0\Editor\VisualScripting.Core\Dependencies\DotNetZip\Unity.VisualScripting.IonicZip.dll
Native extension for WindowsStandalone target not found
Refreshing native plugins compatible for Editor in 0.43 ms, found 3 plugins.
Preloading 0 native plugins for Editor in 0.00 ms.
Mono: successfully reloaded assembly
- Completed reload, in  0.688 seconds
Domain Reload Profiling:
	ReloadAssembly (689ms)
		BeginReloadAssembly (75ms)
			ExecutionOrderSort (0ms)
			DisableScriptedObjects (4ms)
			BackupInstance (0ms)
			ReleaseScriptingObjects (0ms)
			CreateAndSetChildDomain (15ms)
		EndReloadAssembly (536ms)
			LoadAssemblies (60ms)
			RebuildTransferFunctionScriptingTraits (0ms)
			SetupTypeCache (173ms)
			ReleaseScriptCaches (0ms)
			RebuildScriptCaches (32ms)
			SetupLoadedEditorAssemblies (241ms)
				LogAssemblyErrors (0ms)
				InitializePlatformSupportModulesInManaged (3ms)
				SetLoadedEditorAssemblies (0ms)
				RefreshPlugins (0ms)
				BeforeProcessingInitializeOnLoad (56ms)
				ProcessInitializeOnLoadAttributes (160ms)
				ProcessInitializeOnLoadMethodAttributes (17ms)
				AfterProcessingInitializeOnLoad (4ms)
				EditorAssembliesLoaded (0ms)
			ExecutionOrderSort2 (0ms)
			AwakeInstancesAfterBackupRestoration (5ms)
Platform modules already initialized, skipping
========================================================================
Worker process is ready to serve import requests
Launched and connected shader compiler UnityShaderCompiler.exe after 0.04 seconds
Refreshing native plugins compatible for Editor in 0.87 ms, found 3 plugins.
Preloading 0 native plugins for Editor in 0.00 ms.
Unloading 3430 Unused Serialized files (Serialized files now loaded: 0)
Unloading 29 unused Assets / (113.4 KB). Loaded Objects now: 3889.
Memory consumption went from 127.3 MB to 127.2 MB.
Total: 2.534200 ms (FindLiveObjects: 0.220100 ms CreateObjectMapping: 0.145500 ms MarkObjects: 2.067800 ms  DeleteObjects: 0.099500 ms)

AssetImportParameters requested are different than current active one (requested -> active):
  custom:video-decoder-ogg-theora: a1e56fd34408186e4bbccfd4996cb3dc -> 
  custom:container-muxer-webm: aa71ff27fc2769a1b78a27578f13a17b -> 
  custom:container-demuxer-webm: 4f35f7cbe854078d1ac9338744f61a02 -> 
  custom:video-encoder-webm-vp8: eb34c28f22e8b96e1ab97ce403110664 -> 
  custom:audio-encoder-webm-vorbis: bf7c407c2cedff20999df2af8eb42d56 -> 
  custom:framework-win-MediaFoundation: 216162199b28c13a410421893ffa2e32 -> 
  custom:container-demuxer-ogg: 62fdf1f143b41e24485cea50d1cbac27 -> 
  custom:video-decoder-webm-vp8: 9c59270c3fd7afecdb556c50c9e8de78 -> 
  custom:audio-decoder-ogg-vorbis: bf7c407c2cedff20999df2af8eb42d56 -> 
========================================================================
Received Import Request.
  Time since last request: 754768.246472 seconds.
  path: Assets/Victorian Interiors/Victorian Interiors/Prefabs
  artifactKey: Guid(12d624c67f7e1fb4c99d1b1e55c80a61) Importer(815301076,1909f56bfc062723c751e8b465ee728b)
Start importing Assets/Victorian Interiors/Victorian Interiors/Prefabs using Guid(12d624c67f7e1fb4c99d1b1e55c80a61) Importer(815301076,1909f56bfc062723c751e8b465ee728b)  -> (artifact id: 'f373e90db16bb0611bd2afc74ca81a12') in 0.009303 seconds 
========================================================================
Received Import Request.
  Time since last request: 0.103737 seconds.
  path: Assets/Victorian Interiors/Victorian Interiors/Prefabs/Ashtray.prefab
  artifactKey: Guid(f4356b585ea760148a0f9efdca9a9707) Importer(815301076,1909f56bfc062723c751e8b465ee728b)
Start importing Assets/Victorian Interiors/Victorian Interiors/Prefabs/Ashtray.prefab using Guid(f4356b585ea760148a0f9efdca9a9707) Importer(815301076,1909f56bfc062723c751e8b465ee728b)  -> (artifact id: '86f05af471efe1aba4a15709deb689e3') in 0.284028 seconds 
========================================================================
Received Import Request.
  Time since last request: 0.000028 seconds.
  path: Assets/Victorian Interiors/Victorian Interiors/Prefabs/Chair_2.prefab
  artifactKey: Guid(3b31857525046034989fe2b3f6f987bc) Importer(815301076,1909f56bfc062723c751e8b465ee728b)
Start importing Assets/Victorian Interiors/Victorian Interiors/Prefabs/Chair_2.prefab using Guid(3b31857525046034989fe2b3f6f987bc) Importer(815301076,1909f56bfc062723c751e8b465ee728b)  -> (artifact id: 'eb7a5c872de107c5cc0404f4afdc8e32') in 0.045614 seconds 
========================================================================
Received Import Request.
  Time since last request: 0.000028 seconds.
  path: Assets/Victorian Interiors/Victorian Interiors/Prefabs/Mirror_1.prefab
  artifactKey: Guid(c6b02a0b7df299b4f95684bda65b71db) Importer(815301076,1909f56bfc062723c751e8b465ee728b)
Start importing Assets/Victorian Interiors/Victorian Interiors/Prefabs/Mirror_1.prefab using Guid(c6b02a0b7df299b4f95684bda65b71db) Importer(815301076,1909f56bfc062723c751e8b465ee728b)  -> (artifact id: 'ce91e9271676b8b47af83fe7fdc2d6d1') in 0.033684 seconds 
========================================================================
Received Import Request.
  Time since last request: 0.000017 seconds.
  path: Assets/Victorian Interiors/Victorian Interiors/Prefabs/Hanger_3.prefab
  artifactKey: Guid(bb943b276b69c0f42958243290b3188f) Importer(815301076,1909f56bfc062723c751e8b465ee728b)
Start importing Assets/Victorian Interiors/Victorian Interiors/Prefabs/Hanger_3.prefab using Guid(bb943b276b69c0f42958243290b3188f) Importer(815301076,1909f56bfc062723c751e8b465ee728b)  -> (artifact id: '9783ee4f08a903ac31061becf5124ecd') in 0.027913 seconds 
========================================================================
Received Import Request.
  Time since last request: 0.000022 seconds.
  path: Assets/Victorian Interiors/Victorian Interiors/Prefabs/Carpet_4.prefab
  artifactKey: Guid(b33348113c81ccd44a7b624ba23d22ae) Importer(815301076,1909f56bfc062723c751e8b465ee728b)
Start importing Assets/Victorian Interiors/Victorian Interiors/Prefabs/Carpet_4.prefab using Guid(b33348113c81ccd44a7b624ba23d22ae) Importer(815301076,1909f56bfc062723c751e8b465ee728b)  -> (artifact id: '6ac008c3e46252105a4be71e4fc41af8') in 0.019331 seconds 
========================================================================
Received Import Request.
  Time since last request: 0.000028 seconds.
  path: Assets/Victorian Interiors/Victorian Interiors/Prefabs/Box_2.prefab
  artifactKey: Guid(29b5cbcd84c755c43b1dcc33e300c7ba) Importer(815301076,1909f56bfc062723c751e8b465ee728b)
Start importing Assets/Victorian Interiors/Victorian Interiors/Prefabs/Box_2.prefab using Guid(29b5cbcd84c755c43b1dcc33e300c7ba) Importer(815301076,1909f56bfc062723c751e8b465ee728b)  -> (artifact id: 'acb8ef6ee6cc33d5d091c88b72d20cf2') in 0.062972 seconds 
========================================================================
Received Import Request.
  Time since last request: 0.000023 seconds.
  path: Assets/Victorian Interiors/Victorian Interiors/Prefabs/Ink.prefab
  artifactKey: Guid(695953e4ba5148c4793810d710f17667) Importer(815301076,1909f56bfc062723c751e8b465ee728b)
Start importing Assets/Victorian Interiors/Victorian Interiors/Prefabs/Ink.prefab using Guid(695953e4ba5148c4793810d710f17667) Importer(815301076,1909f56bfc062723c751e8b465ee728b)  -> (artifact id: '7e0a716c8f8c56f0d004c12006e7556c') in 0.028078 seconds 
========================================================================
Received Import Request.
  Time since last request: 0.000036 seconds.
  path: Assets/Victorian Interiors/Victorian Interiors/Prefabs/Hanger_4.prefab
  artifactKey: Guid(962375c4c31ded34dbb144921d7a50ce) Importer(815301076,1909f56bfc062723c751e8b465ee728b)
Start importing Assets/Victorian Interiors/Victorian Interiors/Prefabs/Hanger_4.prefab using Guid(962375c4c31ded34dbb144921d7a50ce) Importer(815301076,1909f56bfc062723c751e8b465ee728b)  -> (artifact id: 'e5fba9f39499e4ea470c4cc497e6089d') in 0.026776 seconds 
========================================================================
Received Import Request.
  Time since last request: 0.000028 seconds.
  path: Assets/Victorian Interiors/Victorian Interiors/Prefabs/BookShelf_3.prefab
  artifactKey: Guid(3a3066439a6718b4da551da0bc9406e7) Importer(815301076,1909f56bfc062723c751e8b465ee728b)
Start importing Assets/Victorian Interiors/Victorian Interiors/Prefabs/BookShelf_3.prefab using Guid(3a3066439a6718b4da551da0bc9406e7) Importer(815301076,1909f56bfc062723c751e8b465ee728b)  -> (artifact id: 'e4850c7f7d1b7d3f0be9fa8b02252fa8') in 0.070725 seconds 
========================================================================
Received Import Request.
  Time since last request: 0.000041 seconds.
  path: Assets/Victorian Interiors/Victorian Interiors/Prefabs/Books_Group_3.prefab
  artifactKey: Guid(a07a54107ae222b4b9ac017ee63de728) Importer(815301076,1909f56bfc062723c751e8b465ee728b)
Start importing Assets/Victorian Interiors/Victorian Interiors/Prefabs/Books_Group_3.prefab using Guid(a07a54107ae222b4b9ac017ee63de728) Importer(815301076,1909f56bfc062723c751e8b465ee728b)  -> (artifact id: 'fdd304d1cafb18ca3fd3b84cbf936bb7') in 0.023157 seconds 
========================================================================
Received Import Request.
  Time since last request: 0.000024 seconds.
  path: Assets/Victorian Interiors/Victorian Interiors/Prefabs/Book_4.prefab
  artifactKey: Guid(b29807a557af69a4d9ef4c275030598c) Importer(815301076,1909f56bfc062723c751e8b465ee728b)
Start importing Assets/Victorian Interiors/Victorian Interiors/Prefabs/Book_4.prefab using Guid(b29807a557af69a4d9ef4c275030598c) Importer(815301076,1909f56bfc062723c751e8b465ee728b)  -> (artifact id: 'daba46542f825dc6961f63f4deb916b3') in 0.023146 seconds 
========================================================================
Received Import Request.
  Time since last request: 0.000030 seconds.
  path: Assets/Victorian Interiors/Victorian Interiors/Prefabs/Hanger_2.prefab
  artifactKey: Guid(6e597e9fba7584f459702481a964a02f) Importer(815301076,1909f56bfc062723c751e8b465ee728b)
Start importing Assets/Victorian Interiors/Victorian Interiors/Prefabs/Hanger_2.prefab using Guid(6e597e9fba7584f459702481a964a02f) Importer(815301076,1909f56bfc062723c751e8b465ee728b)  -> (artifact id: '10f5f5f57f36c9f45e13cc1e8d8b428b') in 0.020327 seconds 
========================================================================
Received Import Request.
  Time since last request: 0.000029 seconds.
  path: Assets/Victorian Interiors/Victorian Interiors/Prefabs/Bottle_3.prefab
  artifactKey: Guid(4a7bff31f2d215c44b5195c08d7db1f6) Importer(815301076,1909f56bfc062723c751e8b465ee728b)
Start importing Assets/Victorian Interiors/Victorian Interiors/Prefabs/Bottle_3.prefab using Guid(4a7bff31f2d215c44b5195c08d7db1f6) Importer(815301076,1909f56bfc062723c751e8b465ee728b)  -> (artifact id: '89888531c49f2e94eb8f1642e70c3ca3') in 0.027364 seconds 
========================================================================
Received Import Request.
  Time since last request: 0.000024 seconds.
  path: Assets/Victorian Interiors/Victorian Interiors/Prefabs/Book_3.prefab
  artifactKey: Guid(ca8816d86c392e449ac8709bb4200c93) Importer(815301076,1909f56bfc062723c751e8b465ee728b)
Start importing Assets/Victorian Interiors/Victorian Interiors/Prefabs/Book_3.prefab using Guid(ca8816d86c392e449ac8709bb4200c93) Importer(815301076,1909f56bfc062723c751e8b465ee728b)  -> (artifact id: '30f26b9cf8d28552c45a39489310fdec') in 0.021426 seconds 
========================================================================
Received Import Request.
  Time since last request: 0.000030 seconds.
  path: Assets/Victorian Interiors/Victorian Interiors/Prefabs/Lamp_1.prefab
  artifactKey: Guid(58de69643cf5ede4bbba18f52d17836c) Importer(815301076,1909f56bfc062723c751e8b465ee728b)
Start importing Assets/Victorian Interiors/Victorian Interiors/Prefabs/Lamp_1.prefab using Guid(58de69643cf5ede4bbba18f52d17836c) Importer(815301076,1909f56bfc062723c751e8b465ee728b)  -> (artifact id: '823ca93ea9732a372397b29f8ecd69e1') in 0.091195 seconds 
========================================================================
Received Import Request.
  Time since last request: 0.000105 seconds.
  path: Assets/Victorian Interiors/Victorian Interiors/Prefabs/Bucket.prefab
  artifactKey: Guid(b2beb1774e34ca44ba2713db46de64ae) Importer(815301076,1909f56bfc062723c751e8b465ee728b)
Start importing Assets/Victorian Interiors/Victorian Interiors/Prefabs/Bucket.prefab using Guid(b2beb1774e34ca44ba2713db46de64ae) Importer(815301076,1909f56bfc062723c751e8b465ee728b)  -> (artifact id: '8b9c14597fecb0f1bd267303b6830766') in 0.016326 seconds 
========================================================================
Received Import Request.
  Time since last request: 7.532411 seconds.
  path: Assets/Victorian Interiors/Victorian Interiors/Prefabs/Paper_4.prefab
  artifactKey: Guid(e2beaad2e607b9240b352a8e669b560e) Importer(815301076,1909f56bfc062723c751e8b465ee728b)
Start importing Assets/Victorian Interiors/Victorian Interiors/Prefabs/Paper_4.prefab using Guid(e2beaad2e607b9240b352a8e669b560e) Importer(815301076,1909f56bfc062723c751e8b465ee728b)  -> (artifact id: '2b48d015640fd763d12523f1ce2a2de7') in 0.027700 seconds 
========================================================================
Received Import Request.
  Time since last request: 0.000023 seconds.
  path: Assets/Victorian Interiors/Victorian Interiors/Prefabs/Picture_7.prefab
  artifactKey: Guid(757cd605fbdcdce42b6f1b8fce64e500) Importer(815301076,1909f56bfc062723c751e8b465ee728b)
Start importing Assets/Victorian Interiors/Victorian Interiors/Prefabs/Picture_7.prefab using Guid(757cd605fbdcdce42b6f1b8fce64e500) Importer(815301076,1909f56bfc062723c751e8b465ee728b)  -> (artifact id: 'f077077a3ec41c32bc6d4a3e8578c2d0') in 0.039429 seconds 
========================================================================
Received Import Request.
  Time since last request: 0.000024 seconds.
  path: Assets/Victorian Interiors/Victorian Interiors/Prefabs/Plate_3.prefab
  artifactKey: Guid(1df1b4a32cffa194da5e4aaefbb2a37b) Importer(815301076,1909f56bfc062723c751e8b465ee728b)
Start importing Assets/Victorian Interiors/Victorian Interiors/Prefabs/Plate_3.prefab using Guid(1df1b4a32cffa194da5e4aaefbb2a37b) Importer(815301076,1909f56bfc062723c751e8b465ee728b)  -> (artifact id: 'b9f85911c960b80311b52cf4e5022c93') in 0.023875 seconds 
========================================================================
Received Import Request.
  Time since last request: 0.508736 seconds.
  path: Assets/Victorian Interiors/Victorian Interiors/Prefabs/Scroll_1.prefab
  artifactKey: Guid(09a6734141388f741addf9fa4f6a0edf) Importer(815301076,1909f56bfc062723c751e8b465ee728b)
Start importing Assets/Victorian Interiors/Victorian Interiors/Prefabs/Scroll_1.prefab using Guid(09a6734141388f741addf9fa4f6a0edf) Importer(815301076,1909f56bfc062723c751e8b465ee728b)  -> (artifact id: '26abf9b7e473cd1c640cdacf9e2dea17') in 0.025561 seconds 
========================================================================
Received Import Request.
  Time since last request: 0.000018 seconds.
  path: Assets/Victorian Interiors/Victorian Interiors/Prefabs/Shelve_5.prefab
  artifactKey: Guid(6bc043f9410c2f149a265091157bb517) Importer(815301076,1909f56bfc062723c751e8b465ee728b)
Start importing Assets/Victorian Interiors/Victorian Interiors/Prefabs/Shelve_5.prefab using Guid(6bc043f9410c2f149a265091157bb517) Importer(815301076,1909f56bfc062723c751e8b465ee728b)  -> (artifact id: 'bf63a0933bc43a81a0ce3377df4d2b25') in 0.037365 seconds 
========================================================================
Received Import Request.
  Time since last request: 0.000021 seconds.
  path: Assets/Victorian Interiors/Victorian Interiors/Prefabs/Spoon.prefab
  artifactKey: Guid(ad42a02c3de34cc4bbcdd8275c139afd) Importer(815301076,1909f56bfc062723c751e8b465ee728b)
Start importing Assets/Victorian Interiors/Victorian Interiors/Prefabs/Spoon.prefab using Guid(ad42a02c3de34cc4bbcdd8275c139afd) Importer(815301076,1909f56bfc062723c751e8b465ee728b)  -> (artifact id: '34a4f68e10c76aea3e121a7b83d1ccad') in 0.030087 seconds 
========================================================================
Received Import Request.
  Time since last request: 0.993419 seconds.
  path: Assets/Victorian Interiors/Victorian Interiors/Prefabs/Table_5.prefab
  artifactKey: Guid(7dc22cfa40f23e94a8c86035a8e1cc22) Importer(815301076,1909f56bfc062723c751e8b465ee728b)
Start importing Assets/Victorian Interiors/Victorian Interiors/Prefabs/Table_5.prefab using Guid(7dc22cfa40f23e94a8c86035a8e1cc22) Importer(815301076,1909f56bfc062723c751e8b465ee728b)  -> (artifact id: '2bfd209123dadf39c29a545714633034') in 0.027511 seconds 
========================================================================
Received Import Request.
  Time since last request: 0.000021 seconds.
  path: Assets/Victorian Interiors/Victorian Interiors/Prefabs/Wall_2.prefab
  artifactKey: Guid(1ce4fc6d03b15d04ca10bdc446b14484) Importer(815301076,1909f56bfc062723c751e8b465ee728b)
Start importing Assets/Victorian Interiors/Victorian Interiors/Prefabs/Wall_2.prefab using Guid(1ce4fc6d03b15d04ca10bdc446b14484) Importer(815301076,1909f56bfc062723c751e8b465ee728b)  -> (artifact id: '0b04faecbaa2f81c2cd5c1805e0cb210') in 0.021720 seconds 
========================================================================
Received Import Request.
  Time since last request: 0.000053 seconds.
  path: Assets/Victorian Interiors/Victorian Interiors/Prefabs/Wall_4_Corner_Outer.prefab
  artifactKey: Guid(69dd7e1ee4e05c24ca90cedbe754cb65) Importer(815301076,1909f56bfc062723c751e8b465ee728b)
Start importing Assets/Victorian Interiors/Victorian Interiors/Prefabs/Wall_4_Corner_Outer.prefab using Guid(69dd7e1ee4e05c24ca90cedbe754cb65) Importer(815301076,1909f56bfc062723c751e8b465ee728b)  -> (artifact id: '3f535d0e5e486e12d10dca6be27323a5') in 0.037325 seconds 
========================================================================
Received Import Request.
  Time since last request: 0.000021 seconds.
  path: Assets/Victorian Interiors/Victorian Interiors/Prefabs/Wall_6.prefab
  artifactKey: Guid(99b721042bfc1c246b5c49a6db4be873) Importer(815301076,1909f56bfc062723c751e8b465ee728b)
Start importing Assets/Victorian Interiors/Victorian Interiors/Prefabs/Wall_6.prefab using Guid(99b721042bfc1c246b5c49a6db4be873) Importer(815301076,1909f56bfc062723c751e8b465ee728b)  -> (artifact id: '17c18230437960d8a142febfc81a2736') in 0.024352 seconds 
========================================================================
Received Import Request.
  Time since last request: 0.000022 seconds.
  path: Assets/Victorian Interiors/Victorian Interiors/Prefabs/Wall_1_Corner_Outer.prefab
  artifactKey: Guid(4a07f24375c3b284a8d4cebc683e1566) Importer(815301076,1909f56bfc062723c751e8b465ee728b)
Start importing Assets/Victorian Interiors/Victorian Interiors/Prefabs/Wall_1_Corner_Outer.prefab using Guid(4a07f24375c3b284a8d4cebc683e1566) Importer(815301076,1909f56bfc062723c751e8b465ee728b)  -> (artifact id: '7d8058b2e37baa466c53f54580ccb6d6') in 0.027083 seconds 
========================================================================
Received Import Request.
  Time since last request: 0.000024 seconds.
  path: Assets/Victorian Interiors/Victorian Interiors/Prefabs/Wall_3_Corner_Outer.prefab
  artifactKey: Guid(72f08a5751daa67408168f20cac129c8) Importer(815301076,1909f56bfc062723c751e8b465ee728b)
Start importing Assets/Victorian Interiors/Victorian Interiors/Prefabs/Wall_3_Corner_Outer.prefab using Guid(72f08a5751daa67408168f20cac129c8) Importer(815301076,1909f56bfc062723c751e8b465ee728b)  -> (artifact id: '225c07daa76f701717ae3b10b7516e30') in 0.038564 seconds 
========================================================================
Received Import Request.
  Time since last request: 0.000032 seconds.
  path: Assets/Victorian Interiors/Victorian Interiors/Prefabs/Vase_5.prefab
  artifactKey: Guid(8dc59503e76b073469da0f9b80d403e4) Importer(815301076,1909f56bfc062723c751e8b465ee728b)
Start importing Assets/Victorian Interiors/Victorian Interiors/Prefabs/Vase_5.prefab using Guid(8dc59503e76b073469da0f9b80d403e4) Importer(815301076,1909f56bfc062723c751e8b465ee728b)  -> (artifact id: '5edcace8f991278122723e5ff230bed0') in 0.021974 seconds 
========================================================================
Received Import Request.
  Time since last request: 13.612148 seconds.
  path: Assets/Victorian Interiors/Victorian Interiors/Materials
  artifactKey: Guid(3028b36b93fcf8148b868cf02d280a0d) Importer(815301076,1909f56bfc062723c751e8b465ee728b)
Start importing Assets/Victorian Interiors/Victorian Interiors/Materials using Guid(3028b36b93fcf8148b868cf02d280a0d) Importer(815301076,1909f56bfc062723c751e8b465ee728b)  -> (artifact id: '0673be32f43fde2fbaac628cc162a4f3') in 0.009282 seconds 
========================================================================
Received Import Request.
  Time since last request: 0.050171 seconds.
  path: Assets/Victorian Interiors/Victorian Interiors/Materials/Allphas.mat
  artifactKey: Guid(13647161cf7cf7142b1df302015669db) Importer(815301076,1909f56bfc062723c751e8b465ee728b)
Start importing Assets/Victorian Interiors/Victorian Interiors/Materials/Allphas.mat using Guid(13647161cf7cf7142b1df302015669db) Importer(815301076,1909f56bfc062723c751e8b465ee728b)  -> (artifact id: 'b851a0ffc9bbf23144d1e96f77f4df79') in 0.037021 seconds 
========================================================================
Received Import Request.
  Time since last request: 0.000017 seconds.
  path: Assets/Victorian Interiors/Victorian Interiors/Materials/Carpets_MetallRough.psd
  artifactKey: Guid(f27b3fd33f4e485468c4f5ba5c5afee8) Importer(815301076,1909f56bfc062723c751e8b465ee728b)
Start importing Assets/Victorian Interiors/Victorian Interiors/Materials/Carpets_MetallRough.psd using Guid(f27b3fd33f4e485468c4f5ba5c5afee8) Importer(815301076,1909f56bfc062723c751e8b465ee728b)  -> (artifact id: '9df594cae8d99d652d1d334b8d2ffd0b') in 0.019993 seconds 
========================================================================
Received Import Request.
  Time since last request: 0.000034 seconds.
  path: Assets/Victorian Interiors/Victorian Interiors/Materials/Books.mat
  artifactKey: Guid(389a6c2392314be4d8b83ad7289eae69) Importer(815301076,1909f56bfc062723c751e8b465ee728b)
Start importing Assets/Victorian Interiors/Victorian Interiors/Materials/Books.mat using Guid(389a6c2392314be4d8b83ad7289eae69) Importer(815301076,1909f56bfc062723c751e8b465ee728b)  -> (artifact id: 'ffd9924937827fb113ee5e048e1cf8f2') in 0.033363 seconds 
========================================================================
Received Import Request.
  Time since last request: 0.000028 seconds.
  path: Assets/Victorian Interiors/Victorian Interiors/Materials/Clock_Albedo.psd
  artifactKey: Guid(be86fc4e7f2249f4f8dc60b00ab0f7ab) Importer(815301076,1909f56bfc062723c751e8b465ee728b)
Start importing Assets/Victorian Interiors/Victorian Interiors/Materials/Clock_Albedo.psd using Guid(be86fc4e7f2249f4f8dc60b00ab0f7ab) Importer(815301076,1909f56bfc062723c751e8b465ee728b)  -> (artifact id: '96b9c468fde17b623f7fca94c749cd6f') in 0.028694 seconds 
========================================================================
Received Import Request.
  Time since last request: 0.000017 seconds.
  path: Assets/Victorian Interiors/Victorian Interiors/Materials/Bathroom_Suff_Albedo.psd
  artifactKey: Guid(d6ecfd87a2ba2a74eb7fc5c223d6a417) Importer(815301076,1909f56bfc062723c751e8b465ee728b)
Start importing Assets/Victorian Interiors/Victorian Interiors/Materials/Bathroom_Suff_Albedo.psd using Guid(d6ecfd87a2ba2a74eb7fc5c223d6a417) Importer(815301076,1909f56bfc062723c751e8b465ee728b)  -> (artifact id: '543998ab4a1854cf29ed3359bec221fc') in 0.024756 seconds 
========================================================================
Received Import Request.
  Time since last request: 0.000036 seconds.
  path: Assets/Victorian Interiors/Victorian Interiors/Materials/Bathroom_Suff_Normal.psd
  artifactKey: Guid(58d10c55f88ef4e489fe74ef359636d7) Importer(815301076,1909f56bfc062723c751e8b465ee728b)
Start importing Assets/Victorian Interiors/Victorian Interiors/Materials/Bathroom_Suff_Normal.psd using Guid(58d10c55f88ef4e489fe74ef359636d7) Importer(815301076,1909f56bfc062723c751e8b465ee728b)  -> (artifact id: '203a3f26c0eeb97f4f5df24a8e6828e7') in 0.022082 seconds 
========================================================================
Received Import Request.
  Time since last request: 0.000021 seconds.
  path: Assets/Victorian Interiors/Victorian Interiors/Materials/Bathtub_MetallRough.psd
  artifactKey: Guid(281f796a27bd816499a8f8e45fde69cf) Importer(815301076,1909f56bfc062723c751e8b465ee728b)
Start importing Assets/Victorian Interiors/Victorian Interiors/Materials/Bathtub_MetallRough.psd using Guid(281f796a27bd816499a8f8e45fde69cf) Importer(815301076,1909f56bfc062723c751e8b465ee728b)  -> (artifact id: 'de2530a61907615be3359c3e24a4081f') in 0.014447 seconds 
========================================================================
Received Import Request.
  Time since last request: 0.000031 seconds.
  path: Assets/Victorian Interiors/Victorian Interiors/Materials/Books_AO.psd
  artifactKey: Guid(359ab4b70ac017c4fb0463c3c9a62432) Importer(815301076,1909f56bfc062723c751e8b465ee728b)
Start importing Assets/Victorian Interiors/Victorian Interiors/Materials/Books_AO.psd using Guid(359ab4b70ac017c4fb0463c3c9a62432) Importer(815301076,1909f56bfc062723c751e8b465ee728b)  -> (artifact id: '57ea8843fb097b44e797077ea3ff29fe') in 0.017210 seconds 
========================================================================
Received Import Request.
  Time since last request: 0.000038 seconds.
  path: Assets/Victorian Interiors/Victorian Interiors/Materials/Banister.mat
  artifactKey: Guid(6232ab48871b2f2418dbc1d6a79351af) Importer(815301076,1909f56bfc062723c751e8b465ee728b)
Start importing Assets/Victorian Interiors/Victorian Interiors/Materials/Banister.mat using Guid(6232ab48871b2f2418dbc1d6a79351af) Importer(815301076,1909f56bfc062723c751e8b465ee728b)  -> (artifact id: 'c08e905f6730588d4bb9064c8ba984dd') in 0.028726 seconds 
========================================================================
Received Import Request.
  Time since last request: 0.000017 seconds.
  path: Assets/Victorian Interiors/Victorian Interiors/Materials/Chairs.mat
  artifactKey: Guid(627ea07e3bdc96243a693acf4c7e25b5) Importer(815301076,1909f56bfc062723c751e8b465ee728b)
Start importing Assets/Victorian Interiors/Victorian Interiors/Materials/Chairs.mat using Guid(627ea07e3bdc96243a693acf4c7e25b5) Importer(815301076,1909f56bfc062723c751e8b465ee728b)  -> (artifact id: '865860ff7ce45c5791cb4102543379ba') in 0.020490 seconds 
========================================================================
Received Import Request.
  Time since last request: 0.000022 seconds.
  path: Assets/Victorian Interiors/Victorian Interiors/Materials/Banister_AO.png
  artifactKey: Guid(6353fd8ac98551141b33095db11da34d) Importer(815301076,1909f56bfc062723c751e8b465ee728b)
Start importing Assets/Victorian Interiors/Victorian Interiors/Materials/Banister_AO.png using Guid(6353fd8ac98551141b33095db11da34d) Importer(815301076,1909f56bfc062723c751e8b465ee728b)  -> (artifact id: '6549cb100c16aee5c2c8f4bbea0cf000') in 0.020443 seconds 
========================================================================
Received Import Request.
  Time since last request: 0.000031 seconds.
  path: Assets/Victorian Interiors/Victorian Interiors/Materials/Clock_MetallRough.psd
  artifactKey: Guid(51c94b551aec7a44285df68191b6e179) Importer(815301076,1909f56bfc062723c751e8b465ee728b)
Start importing Assets/Victorian Interiors/Victorian Interiors/Materials/Clock_MetallRough.psd using Guid(51c94b551aec7a44285df68191b6e179) Importer(815301076,1909f56bfc062723c751e8b465ee728b)  -> (artifact id: '31a69e64a9d7541b1fd290f726c1c9de') in 0.016330 seconds 
========================================================================
Received Import Request.
  Time since last request: 0.000018 seconds.
  path: Assets/Victorian Interiors/Victorian Interiors/Materials/Books_Normal.psd
  artifactKey: Guid(e34c0ad2794392a44a49135f91a80362) Importer(815301076,1909f56bfc062723c751e8b465ee728b)
Start importing Assets/Victorian Interiors/Victorian Interiors/Materials/Books_Normal.psd using Guid(e34c0ad2794392a44a49135f91a80362) Importer(815301076,1909f56bfc062723c751e8b465ee728b)  -> (artifact id: '59fa217de2dad2f18b4e4b5e5b2c15d5') in 0.021268 seconds 
========================================================================
Received Import Request.
  Time since last request: 0.000014 seconds.
  path: Assets/Victorian Interiors/Victorian Interiors/Materials/Bed_MetallRough.png
  artifactKey: Guid(5958c1d152598e84bb9112d7eca2ecaf) Importer(815301076,1909f56bfc062723c751e8b465ee728b)
Start importing Assets/Victorian Interiors/Victorian Interiors/Materials/Bed_MetallRough.png using Guid(5958c1d152598e84bb9112d7eca2ecaf) Importer(815301076,1909f56bfc062723c751e8b465ee728b)  -> (artifact id: '14c91eb952097bf753e4bacd03d4dba0') in 0.013736 seconds 
========================================================================
Received Import Request.
  Time since last request: 0.000052 seconds.
  path: Assets/Victorian Interiors/Victorian Interiors/Materials/Bathtub.mat
  artifactKey: Guid(a03ce42433ac4684482b95fa19ae85b0) Importer(815301076,1909f56bfc062723c751e8b465ee728b)
Start importing Assets/Victorian Interiors/Victorian Interiors/Materials/Bathtub.mat using Guid(a03ce42433ac4684482b95fa19ae85b0) Importer(815301076,1909f56bfc062723c751e8b465ee728b)  -> (artifact id: 'e9aed8c4acb9560c9dca4f9609f96433') in 0.026183 seconds 
========================================================================
Received Import Request.
  Time since last request: 0.000020 seconds.
  path: Assets/Victorian Interiors/Victorian Interiors/Materials/Candles_MetallRough.psd
  artifactKey: Guid(fcba1ed2e93dd7749b23767bc6d6b21a) Importer(815301076,1909f56bfc062723c751e8b465ee728b)
Start importing Assets/Victorian Interiors/Victorian Interiors/Materials/Candles_MetallRough.psd using Guid(fcba1ed2e93dd7749b23767bc6d6b21a) Importer(815301076,1909f56bfc062723c751e8b465ee728b)  -> (artifact id: '50858cf38bba0ad1cfe1e281621fea6a') in 0.018129 seconds 
========================================================================
Received Import Request.
  Time since last request: 0.000031 seconds.
  path: Assets/Victorian Interiors/Victorian Interiors/Materials/Bathtub_Normal.psd
  artifactKey: Guid(8f5acb7ed10c2fd45831b39aefeeb647) Importer(815301076,1909f56bfc062723c751e8b465ee728b)
Start importing Assets/Victorian Interiors/Victorian Interiors/Materials/Bathtub_Normal.psd using Guid(8f5acb7ed10c2fd45831b39aefeeb647) Importer(815301076,1909f56bfc062723c751e8b465ee728b)  -> (artifact id: '6a5551616f8c07ad094162e3f02c3ed2') in 0.020036 seconds 
========================================================================
Received Import Request.
  Time since last request: 0.000022 seconds.
  path: Assets/Victorian Interiors/Victorian Interiors/Materials/BookShelf.mat
  artifactKey: Guid(fd08df28a32e405468e11d7b3a506412) Importer(815301076,1909f56bfc062723c751e8b465ee728b)
Start importing Assets/Victorian Interiors/Victorian Interiors/Materials/BookShelf.mat using Guid(fd08df28a32e405468e11d7b3a506412) Importer(815301076,1909f56bfc062723c751e8b465ee728b)  -> (artifact id: '93c26d6f544e8045e303efa93b5b3dc9') in 0.044693 seconds 
========================================================================
Received Import Request.
  Time since last request: 3.608689 seconds.
  path: Assets/Victorian Interiors/Victorian Interiors/Materials/Cupboard_2_Normal.psd
  artifactKey: Guid(ab851247a3dce8d448c17703dd1b8eb0) Importer(815301076,1909f56bfc062723c751e8b465ee728b)
Start importing Assets/Victorian Interiors/Victorian Interiors/Materials/Cupboard_2_Normal.psd using Guid(ab851247a3dce8d448c17703dd1b8eb0) Importer(815301076,1909f56bfc062723c751e8b465ee728b)  -> (artifact id: '9d543181c4f448d56efd451ef10c98e3') in 0.016271 seconds 
========================================================================
Received Import Request.
  Time since last request: 0.000023 seconds.
  path: Assets/Victorian Interiors/Victorian Interiors/Materials/Curtain_AO.psd
  artifactKey: Guid(434aae1e7ca3bf94f85bf523fbe7aace) Importer(815301076,1909f56bfc062723c751e8b465ee728b)
Start importing Assets/Victorian Interiors/Victorian Interiors/Materials/Curtain_AO.psd using Guid(434aae1e7ca3bf94f85bf523fbe7aace) Importer(815301076,1909f56bfc062723c751e8b465ee728b)  -> (artifact id: '9b0672bc2d2f8b4cff86c592ca2b3da5') in 0.013503 seconds 
========================================================================
Received Import Request.
  Time since last request: 0.000030 seconds.
  path: Assets/Victorian Interiors/Victorian Interiors/Materials/Doors_Normal.psd
  artifactKey: Guid(46a5f2194bd28a849add962eddd7b965) Importer(815301076,1909f56bfc062723c751e8b465ee728b)
Start importing Assets/Victorian Interiors/Victorian Interiors/Materials/Doors_Normal.psd using Guid(46a5f2194bd28a849add962eddd7b965) Importer(815301076,1909f56bfc062723c751e8b465ee728b)  -> (artifact id: 'df3c9304c7b8f6927c1633d4786c2b10') in 0.013891 seconds 
========================================================================
Received Import Request.
  Time since last request: 0.000023 seconds.
  path: Assets/Victorian Interiors/Victorian Interiors/Materials/Fire.mat
  artifactKey: Guid(6a17edc0eaa24d9478bb2df388edf769) Importer(815301076,1909f56bfc062723c751e8b465ee728b)
Start importing Assets/Victorian Interiors/Victorian Interiors/Materials/Fire.mat using Guid(6a17edc0eaa24d9478bb2df388edf769) Importer(815301076,1909f56bfc062723c751e8b465ee728b)  -> (artifact id: '5bf1d2b9bd58fb8aeb2b4a487eb13102') in 0.010177 seconds 
========================================================================
Received Import Request.
  Time since last request: 0.344620 seconds.
  path: Assets/Victorian Interiors/Victorian Interiors/Materials/Fire.psd
  artifactKey: Guid(bb89aada07153a34cbaaf1752e893625) Importer(815301076,1909f56bfc062723c751e8b465ee728b)
Start importing Assets/Victorian Interiors/Victorian Interiors/Materials/Fire.psd using Guid(bb89aada07153a34cbaaf1752e893625) Importer(815301076,1909f56bfc062723c751e8b465ee728b)  -> (artifact id: '49d4c4306b1e42a1bf2fef97a2edde63') in 0.009555 seconds 
========================================================================
Received Import Request.
  Time since last request: 0.000018 seconds.
  path: Assets/Victorian Interiors/Victorian Interiors/Materials/Frames_Albedo.psd
  artifactKey: Guid(9058553894ba0ce409b5cb6d55ea4d7d) Importer(815301076,1909f56bfc062723c751e8b465ee728b)
Start importing Assets/Victorian Interiors/Victorian Interiors/Materials/Frames_Albedo.psd using Guid(9058553894ba0ce409b5cb6d55ea4d7d) Importer(815301076,1909f56bfc062723c751e8b465ee728b)  -> (artifact id: '5e00091796d2f8ac45fd89e02f6526c6') in 0.019086 seconds 
========================================================================
Received Import Request.
  Time since last request: 0.000023 seconds.
  path: Assets/Victorian Interiors/Victorian Interiors/Materials/Holder_MetallRough.psd
  artifactKey: Guid(a834e399d6563854c83d9b324c199b7c) Importer(815301076,1909f56bfc062723c751e8b465ee728b)
Start importing Assets/Victorian Interiors/Victorian Interiors/Materials/Holder_MetallRough.psd using Guid(a834e399d6563854c83d9b324c199b7c) Importer(815301076,1909f56bfc062723c751e8b465ee728b)  -> (artifact id: '33e7a2325e2193245f5bffc85ed38f86') in 0.029289 seconds 
Editor requested this worker to shutdown with reason: Scaling down because of idle timeout
AssetImportWorker is now disconnected from the server
Process exiting
Exiting without the bug reporter. Application will terminate with return code 0